<?xml version="1.0" encoding="UTF-8"?>
<testsuite name="com.example.BasicApplicationTests" time="0.009" tests="1" errors="1" skipped="0" failures="0">
  <properties>
    <property name="java.runtime.name" value="Java(TM) SE Runtime Environment"/>
    <property name="sun.boot.library.path" value="/usr/lib/jvm/jdk1.8.0_131/jre/lib/amd64"/>
    <property name="java.vm.version" value="25.131-b11"/>
    <property name="java.vm.vendor" value="Oracle Corporation"/>
    <property name="maven.multiModuleProjectDirectory" value="/home/oussama/NetBeansProjects/SpringBootExperimentApp"/>
    <property name="java.vendor.url" value="http://java.oracle.com/"/>
    <property name="path.separator" value=":"/>
    <property name="guice.disable.misplaced.annotation.check" value="true"/>
    <property name="java.vm.name" value="Java HotSpot(TM) 64-Bit Server VM"/>
    <property name="file.encoding.pkg" value="sun.io"/>
    <property name="user.country" value="US"/>
    <property name="sun.java.launcher" value="SUN_STANDARD"/>
    <property name="sun.os.patch.level" value="unknown"/>
    <property name="test" value="com.example.BasicApplicationTests"/>
    <property name="java.vm.specification.name" value="Java Virtual Machine Specification"/>
    <property name="user.dir" value="/home/oussama/NetBeansProjects/SpringBootExperimentApp"/>
    <property name="java.runtime.version" value="1.8.0_131-b11"/>
    <property name="java.awt.graphicsenv" value="sun.awt.X11GraphicsEnvironment"/>
    <property name="java.endorsed.dirs" value="/usr/lib/jvm/jdk1.8.0_131/jre/lib/endorsed"/>
    <property name="os.arch" value="amd64"/>
    <property name="java.io.tmpdir" value="/tmp"/>
    <property name="line.separator" value="&#10;"/>
    <property name="java.vm.specification.vendor" value="Oracle Corporation"/>
    <property name="os.name" value="Linux"/>
    <property name="maven.ext.class.path" value="/home/oussama/my_program_files/netbeans-8.2/java/maven-nblib/netbeans-eventspy.jar"/>
    <property name="classworlds.conf" value="/home/oussama/my_program_files/apache-maven-3.5.0/bin/m2.conf"/>
    <property name="sun.jnu.encoding" value="UTF-8"/>
    <property name="java.library.path" value="/usr/lib/jvm/jdk1.8.0_131/jre/lib/amd64:/usr/lib/jvm/jdk1.8.0_131/jre/lib/i386::/usr/java/packages/lib/amd64:/usr/lib64:/lib64:/lib:/usr/lib"/>
    <property name="maven.conf" value="/home/oussama/my_program_files/apache-maven-3.5.0/conf"/>
    <property name="java.specification.name" value="Java Platform API Specification"/>
    <property name="java.class.version" value="52.0"/>
    <property name="sun.management.compiler" value="HotSpot 64-Bit Tiered Compilers"/>
    <property name="os.version" value="4.4.0-96-generic"/>
    <property name="library.jansi.path" value="/home/oussama/my_program_files/apache-maven-3.5.0/lib/jansi-native/linux64"/>
    <property name="user.home" value="/home/oussama"/>
    <property name="user.timezone" value="Europe/Paris"/>
    <property name="java.awt.printerjob" value="sun.print.PSPrinterJob"/>
    <property name="java.specification.version" value="1.8"/>
    <property name="file.encoding" value="UTF-8"/>
    <property name="user.name" value="oussama"/>
    <property name="java.class.path" value="/home/oussama/my_program_files/apache-maven-3.5.0/boot/plexus-classworlds-2.5.2.jar"/>
    <property name="java.vm.specification.version" value="1.8"/>
    <property name="sun.arch.data.model" value="64"/>
    <property name="java.home" value="/usr/lib/jvm/jdk1.8.0_131/jre"/>
    <property name="sun.java.command" value="org.codehaus.plexus.classworlds.launcher.Launcher -Dtest=com.example.BasicApplicationTests -Dmaven.ext.class.path=/home/oussama/my_program_files/netbeans-8.2/java/maven-nblib/netbeans-eventspy.jar surefire:test"/>
    <property name="java.specification.vendor" value="Oracle Corporation"/>
    <property name="user.language" value="en"/>
    <property name="awt.toolkit" value="sun.awt.X11.XToolkit"/>
    <property name="java.vm.info" value="mixed mode"/>
    <property name="java.version" value="1.8.0_131"/>
    <property name="java.ext.dirs" value="/usr/lib/jvm/jdk1.8.0_131/jre/lib/ext:/usr/java/packages/lib/ext"/>
    <property name="securerandom.source" value="file:/dev/./urandom"/>
    <property name="sun.boot.class.path" value="/usr/lib/jvm/jdk1.8.0_131/jre/lib/resources.jar:/usr/lib/jvm/jdk1.8.0_131/jre/lib/rt.jar:/usr/lib/jvm/jdk1.8.0_131/jre/lib/sunrsasign.jar:/usr/lib/jvm/jdk1.8.0_131/jre/lib/jsse.jar:/usr/lib/jvm/jdk1.8.0_131/jre/lib/jce.jar:/usr/lib/jvm/jdk1.8.0_131/jre/lib/charsets.jar:/usr/lib/jvm/jdk1.8.0_131/jre/lib/jfr.jar:/usr/lib/jvm/jdk1.8.0_131/jre/classes"/>
    <property name="java.vendor" value="Oracle Corporation"/>
    <property name="maven.home" value="/home/oussama/my_program_files/apache-maven-3.5.0"/>
    <property name="file.separator" value="/"/>
    <property name="java.vendor.url.bug" value="http://bugreport.sun.com/bugreport/"/>
    <property name="sun.cpu.endian" value="little"/>
    <property name="sun.io.unicode.encoding" value="UnicodeLittle"/>
    <property name="sun.desktop" value="gnome"/>
    <property name="sun.cpu.isalist" value=""/>
  </properties>
  <testcase name="initializationError" classname="com.example.BasicApplicationTests" time="0.009">
    <error message="Unable to find a @SpringBootConfiguration, you need to use @ContextConfiguration or @SpringBootTest(classes=...) with your test" type="java.lang.IllegalStateException"><![CDATA[java.lang.IllegalStateException: Unable to find a @SpringBootConfiguration, you need to use @ContextConfiguration or @SpringBootTest(classes=...) with your test
	at org.springframework.util.Assert.state(Assert.java:70)
	at org.springframework.boot.test.context.SpringBootTestContextBootstrapper.getOrFindConfigurationClasses(SpringBootTestContextBootstrapper.java:202)
	at org.springframework.boot.test.context.SpringBootTestContextBootstrapper.processMergedContextConfiguration(SpringBootTestContextBootstrapper.java:137)
	at org.springframework.test.context.support.AbstractTestContextBootstrapper.buildMergedContextConfiguration(AbstractTestContextBootstrapper.java:409)
	at org.springframework.test.context.support.AbstractTestContextBootstrapper.buildDefaultMergedContextConfiguration(AbstractTestContextBootstrapper.java:323)
	at org.springframework.test.context.support.AbstractTestContextBootstrapper.buildMergedContextConfiguration(AbstractTestContextBootstrapper.java:277)
	at org.springframework.test.context.support.AbstractTestContextBootstrapper.buildTestContext(AbstractTestContextBootstrapper.java:112)
	at org.springframework.boot.test.context.SpringBootTestContextBootstrapper.buildTestContext(SpringBootTestContextBootstrapper.java:82)
	at org.springframework.test.context.TestContextManager.<init>(TestContextManager.java:120)
	at org.springframework.test.context.TestContextManager.<init>(TestContextManager.java:105)
	at org.springframework.test.context.junit4.SpringJUnit4ClassRunner.createTestContextManager(SpringJUnit4ClassRunner.java:152)
	at org.springframework.test.context.junit4.SpringJUnit4ClassRunner.<init>(SpringJUnit4ClassRunner.java:143)
	at org.springframework.test.context.junit4.SpringRunner.<init>(SpringRunner.java:49)
	at sun.reflect.NativeConstructorAccessorImpl.newInstance0(Native Method)
	at sun.reflect.NativeConstructorAccessorImpl.newInstance(NativeConstructorAccessorImpl.java:62)
	at sun.reflect.DelegatingConstructorAccessorImpl.newInstance(DelegatingConstructorAccessorImpl.java:45)
	at java.lang.reflect.Constructor.newInstance(Constructor.java:423)
	at org.junit.internal.builders.AnnotatedBuilder.buildRunner(AnnotatedBuilder.java:104)
	at org.junit.internal.builders.AnnotatedBuilder.runnerForClass(AnnotatedBuilder.java:86)
	at org.junit.runners.model.RunnerBuilder.safeRunnerForClass(RunnerBuilder.java:59)
	at org.junit.internal.builders.AllDefaultPossibilitiesBuilder.runnerForClass(AllDefaultPossibilitiesBuilder.java:26)
	at org.junit.runners.model.RunnerBuilder.safeRunnerForClass(RunnerBuilder.java:59)
	at org.junit.internal.requests.ClassRequest.getRunner(ClassRequest.java:33)
	at org.apache.maven.surefire.junit4.JUnit4Provider.execute(JUnit4Provider.java:283)
	at org.apache.maven.surefire.junit4.JUnit4Provider.executeWithRerun(JUnit4Provider.java:173)
	at org.apache.maven.surefire.junit4.JUnit4Provider.executeTestSet(JUnit4Provider.java:153)
	at org.apache.maven.surefire.junit4.JUnit4Provider.invoke(JUnit4Provider.java:128)
	at org.apache.maven.surefire.booter.ForkedBooter.invokeProviderInSameClassLoader(ForkedBooter.java:203)
	at org.apache.maven.surefire.booter.ForkedBooter.runSuitesInProcess(ForkedBooter.java:155)
	at org.apache.maven.surefire.booter.ForkedBooter.main(ForkedBooter.java:103)
]]></error>
    <system-out><![CDATA[19:04:51.262 [main] DEBUG org.springframework.test.context.junit4.SpringJUnit4ClassRunner - SpringJUnit4ClassRunner constructor called with [class com.example.BasicApplicationTests]
19:04:51.281 [main] DEBUG org.springframework.test.context.BootstrapUtils - Instantiating CacheAwareContextLoaderDelegate from class [org.springframework.test.context.cache.DefaultCacheAwareContextLoaderDelegate]
19:04:51.324 [main] DEBUG org.springframework.test.context.BootstrapUtils - Instantiating BootstrapContext using constructor [public org.springframework.test.context.support.DefaultBootstrapContext(java.lang.Class,org.springframework.test.context.CacheAwareContextLoaderDelegate)]
19:04:51.346 [main] DEBUG org.springframework.test.context.BootstrapUtils - Instantiating TestContextBootstrapper for test class [com.example.BasicApplicationTests] from class [org.springframework.boot.test.context.SpringBootTestContextBootstrapper]
19:04:51.405 [main] INFO org.springframework.boot.test.context.SpringBootTestContextBootstrapper - Neither @ContextConfiguration nor @ContextHierarchy found for test class [com.example.BasicApplicationTests], using SpringBootContextLoader
19:04:51.408 [main] DEBUG org.springframework.test.context.support.AbstractContextLoader - Did not detect default resource location for test class [com.example.BasicApplicationTests]: class path resource [com/example/BasicApplicationTests-context.xml] does not exist
19:04:51.408 [main] DEBUG org.springframework.test.context.support.AbstractContextLoader - Did not detect default resource location for test class [com.example.BasicApplicationTests]: class path resource [com/example/BasicApplicationTestsContext.groovy] does not exist
19:04:51.409 [main] INFO org.springframework.test.context.support.AbstractContextLoader - Could not detect default resource locations for test class [com.example.BasicApplicationTests]: no resource found for suffixes {-context.xml, Context.groovy}.
19:04:51.410 [main] INFO org.springframework.test.context.support.AnnotationConfigContextLoaderUtils - Could not detect default configuration classes for test class [com.example.BasicApplicationTests]: BasicApplicationTests does not declare any static, non-private, non-final, nested classes annotated with @Configuration.
19:04:51.563 [main] DEBUG org.springframework.test.context.support.ActiveProfilesUtils - Could not find an 'annotation declaring class' for annotation type [org.springframework.test.context.ActiveProfiles] and class [com.example.BasicApplicationTests]
19:04:51.583 [main] DEBUG org.springframework.core.env.StandardEnvironment - Adding PropertySource 'systemProperties' with lowest search precedence
19:04:51.584 [main] DEBUG org.springframework.core.env.StandardEnvironment - Adding PropertySource 'systemEnvironment' with lowest search precedence
19:04:51.585 [main] DEBUG org.springframework.core.env.StandardEnvironment - Initialized StandardEnvironment with PropertySources [MapPropertySource@157683534 {name='systemProperties', properties={java.runtime.name=Java(TM) SE Runtime Environment, sun.boot.library.path=/usr/lib/jvm/jdk1.8.0_131/jre/lib/amd64, java.vm.version=25.131-b11, java.vm.vendor=Oracle Corporation, java.vendor.url=http://java.oracle.com/, path.separator=:, java.vm.name=Java HotSpot(TM) 64-Bit Server VM, file.encoding.pkg=sun.io, user.country=US, sun.java.launcher=SUN_STANDARD, sun.os.patch.level=unknown, test=com.example.BasicApplicationTests, java.vm.specification.name=Java Virtual Machine Specification, user.dir=/home/oussama/NetBeansProjects/SpringBootExperimentApp, java.runtime.version=1.8.0_131-b11, basedir=/home/oussama/NetBeansProjects/SpringBootExperimentApp, java.awt.graphicsenv=sun.awt.X11GraphicsEnvironment, java.endorsed.dirs=/usr/lib/jvm/jdk1.8.0_131/jre/lib/endorsed, os.arch=amd64, surefire.real.class.path=/home/oussama/NetBeansProjects/SpringBootExperimentApp/target/surefire/surefirebooter1876925733836857794.jar, java.io.tmpdir=/tmp, line.separator=
, java.vm.specification.vendor=Oracle Corporation, os.name=Linux, maven.ext.class.path=/home/oussama/my_program_files/netbeans-8.2/java/maven-nblib/netbeans-eventspy.jar, sun.jnu.encoding=UTF-8, java.library.path=/usr/lib/jvm/jdk1.8.0_131/jre/lib/amd64:/usr/lib/jvm/jdk1.8.0_131/jre/lib/i386::/usr/java/packages/lib/amd64:/usr/lib64:/lib64:/lib:/usr/lib, surefire.test.class.path=/home/oussama/NetBeansProjects/SpringBootExperimentApp/target/test-classes:/home/oussama/NetBeansProjects/SpringBootExperimentApp/target/classes:/home/oussama/.m2/repository/org/springframework/boot/spring-boot-starter/1.5.7.RELEASE/spring-boot-starter-1.5.7.RELEASE.jar:/home/oussama/.m2/repository/org/springframework/boot/spring-boot/1.5.7.RELEASE/spring-boot-1.5.7.RELEASE.jar:/home/oussama/.m2/repository/org/springframework/spring-context/4.3.11.RELEASE/spring-context-4.3.11.RELEASE.jar:/home/oussama/.m2/repository/org/springframework/spring-expression/4.3.11.RELEASE/spring-expression-4.3.11.RELEASE.jar:/home/oussama/.m2/repository/org/springframework/boot/spring-boot-autoconfigure/1.5.7.RELEASE/spring-boot-autoconfigure-1.5.7.RELEASE.jar:/home/oussama/.m2/repository/org/springframework/boot/spring-boot-starter-logging/1.5.7.RELEASE/spring-boot-starter-logging-1.5.7.RELEASE.jar:/home/oussama/.m2/repository/ch/qos/logback/logback-classic/1.1.11/logback-classic-1.1.11.jar:/home/oussama/.m2/repository/ch/qos/logback/logback-core/1.1.11/logback-core-1.1.11.jar:/home/oussama/.m2/repository/org/slf4j/jcl-over-slf4j/1.7.25/jcl-over-slf4j-1.7.25.jar:/home/oussama/.m2/repository/org/slf4j/jul-to-slf4j/1.7.25/jul-to-slf4j-1.7.25.jar:/home/oussama/.m2/repository/org/slf4j/log4j-over-slf4j/1.7.25/log4j-over-slf4j-1.7.25.jar:/home/oussama/.m2/repository/org/springframework/spring-core/4.3.11.RELEASE/spring-core-4.3.11.RELEASE.jar:/home/oussama/.m2/repository/org/yaml/snakeyaml/1.17/snakeyaml-1.17.jar:/home/oussama/.m2/repository/org/springframework/boot/spring-boot-starter-data-jpa/1.5.7.RELEASE/spring-boot-starter-data-jpa-1.5.7.RELEASE.jar:/home/oussama/.m2/repository/org/springframework/boot/spring-boot-starter-aop/1.5.7.RELEASE/spring-boot-starter-aop-1.5.7.RELEASE.jar:/home/oussama/.m2/repository/org/springframework/spring-aop/4.3.11.RELEASE/spring-aop-4.3.11.RELEASE.jar:/home/oussama/.m2/repository/org/aspectj/aspectjweaver/1.8.10/aspectjweaver-1.8.10.jar:/home/oussama/.m2/repository/org/springframework/boot/spring-boot-starter-jdbc/1.5.7.RELEASE/spring-boot-starter-jdbc-1.5.7.RELEASE.jar:/home/oussama/.m2/repository/org/apache/tomcat/tomcat-jdbc/8.5.20/tomcat-jdbc-8.5.20.jar:/home/oussama/.m2/repository/org/apache/tomcat/tomcat-juli/8.5.20/tomcat-juli-8.5.20.jar:/home/oussama/.m2/repository/org/springframework/spring-jdbc/4.3.11.RELEASE/spring-jdbc-4.3.11.RELEASE.jar:/home/oussama/.m2/repository/org/hibernate/hibernate-core/5.0.12.Final/hibernate-core-5.0.12.Final.jar:/home/oussama/.m2/repository/org/jboss/logging/jboss-logging/3.3.1.Final/jboss-logging-3.3.1.Final.jar:/home/oussama/.m2/repository/org/hibernate/javax/persistence/hibernate-jpa-2.1-api/1.0.0.Final/hibernate-jpa-2.1-api-1.0.0.Final.jar:/home/oussama/.m2/repository/org/javassist/javassist/3.21.0-GA/javassist-3.21.0-GA.jar:/home/oussama/.m2/repository/antlr/antlr/2.7.7/antlr-2.7.7.jar:/home/oussama/.m2/repository/org/jboss/jandex/2.0.0.Final/jandex-2.0.0.Final.jar:/home/oussama/.m2/repository/dom4j/dom4j/1.6.1/dom4j-1.6.1.jar:/home/oussama/.m2/repository/org/hibernate/common/hibernate-commons-annotations/5.0.1.Final/hibernate-commons-annotations-5.0.1.Final.jar:/home/oussama/.m2/repository/org/hibernate/hibernate-entitymanager/5.0.12.Final/hibernate-entitymanager-5.0.12.Final.jar:/home/oussama/.m2/repository/javax/transaction/javax.transaction-api/1.2/javax.transaction-api-1.2.jar:/home/oussama/.m2/repository/org/springframework/data/spring-data-jpa/1.11.7.RELEASE/spring-data-jpa-1.11.7.RELEASE.jar:/home/oussama/.m2/repository/org/springframework/data/spring-data-commons/1.13.7.RELEASE/spring-data-commons-1.13.7.RELEASE.jar:/home/oussama/.m2/repository/org/springframework/spring-orm/4.3.11.RELEASE/spring-orm-4.3.11.RELEASE.jar:/home/oussama/.m2/repository/org/springframework/spring-tx/4.3.11.RELEASE/spring-tx-4.3.11.RELEASE.jar:/home/oussama/.m2/repository/org/springframework/spring-beans/4.3.11.RELEASE/spring-beans-4.3.11.RELEASE.jar:/home/oussama/.m2/repository/org/slf4j/slf4j-api/1.7.25/slf4j-api-1.7.25.jar:/home/oussama/.m2/repository/org/springframework/spring-aspects/4.3.11.RELEASE/spring-aspects-4.3.11.RELEASE.jar:/home/oussama/.m2/repository/org/springframework/boot/spring-boot-configuration-processor/1.5.7.RELEASE/spring-boot-configuration-processor-1.5.7.RELEASE.jar:/home/oussama/.m2/repository/com/vaadin/external/google/android-json/0.0.20131108.vaadin1/android-json-0.0.20131108.vaadin1.jar:/home/oussama/.m2/repository/org/projectlombok/lombok/1.16.18/lombok-1.16.18.jar:/home/oussama/.m2/repository/com/h2database/h2/1.4.196/h2-1.4.196.jar:/home/oussama/.m2/repository/org/springframework/boot/spring-boot-starter-test/1.5.7.RELEASE/spring-boot-starter-test-1.5.7.RELEASE.jar:/home/oussama/.m2/repository/org/springframework/boot/spring-boot-test/1.5.7.RELEASE/spring-boot-test-1.5.7.RELEASE.jar:/home/oussama/.m2/repository/org/springframework/boot/spring-boot-test-autoconfigure/1.5.7.RELEASE/spring-boot-test-autoconfigure-1.5.7.RELEASE.jar:/home/oussama/.m2/repository/com/jayway/jsonpath/json-path/2.2.0/json-path-2.2.0.jar:/home/oussama/.m2/repository/net/minidev/json-smart/2.2.1/json-smart-2.2.1.jar:/home/oussama/.m2/repository/net/minidev/accessors-smart/1.1/accessors-smart-1.1.jar:/home/oussama/.m2/repository/org/ow2/asm/asm/5.0.3/asm-5.0.3.jar:/home/oussama/.m2/repository/junit/junit/4.12/junit-4.12.jar:/home/oussama/.m2/repository/org/assertj/assertj-core/2.6.0/assertj-core-2.6.0.jar:/home/oussama/.m2/repository/org/mockito/mockito-core/1.10.19/mockito-core-1.10.19.jar:/home/oussama/.m2/repository/org/objenesis/objenesis/2.1/objenesis-2.1.jar:/home/oussama/.m2/repository/org/hamcrest/hamcrest-core/1.3/hamcrest-core-1.3.jar:/home/oussama/.m2/repository/org/hamcrest/hamcrest-library/1.3/hamcrest-library-1.3.jar:/home/oussama/.m2/repository/org/skyscreamer/jsonassert/1.4.0/jsonassert-1.4.0.jar:/home/oussama/.m2/repository/org/springframework/spring-test/4.3.11.RELEASE/spring-test-4.3.11.RELEASE.jar:, java.specification.name=Java Platform API Specification, java.class.version=52.0, sun.management.compiler=HotSpot 64-Bit Tiered Compilers, os.version=4.4.0-96-generic, user.home=/home/oussama, user.timezone=Europe/Paris, java.awt.printerjob=sun.print.PSPrinterJob, file.encoding=UTF-8, java.specification.version=1.8, java.class.path=/home/oussama/NetBeansProjects/SpringBootExperimentApp/target/test-classes:/home/oussama/NetBeansProjects/SpringBootExperimentApp/target/classes:/home/oussama/.m2/repository/org/springframework/boot/spring-boot-starter/1.5.7.RELEASE/spring-boot-starter-1.5.7.RELEASE.jar:/home/oussama/.m2/repository/org/springframework/boot/spring-boot/1.5.7.RELEASE/spring-boot-1.5.7.RELEASE.jar:/home/oussama/.m2/repository/org/springframework/spring-context/4.3.11.RELEASE/spring-context-4.3.11.RELEASE.jar:/home/oussama/.m2/repository/org/springframework/spring-expression/4.3.11.RELEASE/spring-expression-4.3.11.RELEASE.jar:/home/oussama/.m2/repository/org/springframework/boot/spring-boot-autoconfigure/1.5.7.RELEASE/spring-boot-autoconfigure-1.5.7.RELEASE.jar:/home/oussama/.m2/repository/org/springframework/boot/spring-boot-starter-logging/1.5.7.RELEASE/spring-boot-starter-logging-1.5.7.RELEASE.jar:/home/oussama/.m2/repository/ch/qos/logback/logback-classic/1.1.11/logback-classic-1.1.11.jar:/home/oussama/.m2/repository/ch/qos/logback/logback-core/1.1.11/logback-core-1.1.11.jar:/home/oussama/.m2/repository/org/slf4j/jcl-over-slf4j/1.7.25/jcl-over-slf4j-1.7.25.jar:/home/oussama/.m2/repository/org/slf4j/jul-to-slf4j/1.7.25/jul-to-slf4j-1.7.25.jar:/home/oussama/.m2/repository/org/slf4j/log4j-over-slf4j/1.7.25/log4j-over-slf4j-1.7.25.jar:/home/oussama/.m2/repository/org/springframework/spring-core/4.3.11.RELEASE/spring-core-4.3.11.RELEASE.jar:/home/oussama/.m2/repository/org/yaml/snakeyaml/1.17/snakeyaml-1.17.jar:/home/oussama/.m2/repository/org/springframework/boot/spring-boot-starter-data-jpa/1.5.7.RELEASE/spring-boot-starter-data-jpa-1.5.7.RELEASE.jar:/home/oussama/.m2/repository/org/springframework/boot/spring-boot-starter-aop/1.5.7.RELEASE/spring-boot-starter-aop-1.5.7.RELEASE.jar:/home/oussama/.m2/repository/org/springframework/spring-aop/4.3.11.RELEASE/spring-aop-4.3.11.RELEASE.jar:/home/oussama/.m2/repository/org/aspectj/aspectjweaver/1.8.10/aspectjweaver-1.8.10.jar:/home/oussama/.m2/repository/org/springframework/boot/spring-boot-starter-jdbc/1.5.7.RELEASE/spring-boot-starter-jdbc-1.5.7.RELEASE.jar:/home/oussama/.m2/repository/org/apache/tomcat/tomcat-jdbc/8.5.20/tomcat-jdbc-8.5.20.jar:/home/oussama/.m2/repository/org/apache/tomcat/tomcat-juli/8.5.20/tomcat-juli-8.5.20.jar:/home/oussama/.m2/repository/org/springframework/spring-jdbc/4.3.11.RELEASE/spring-jdbc-4.3.11.RELEASE.jar:/home/oussama/.m2/repository/org/hibernate/hibernate-core/5.0.12.Final/hibernate-core-5.0.12.Final.jar:/home/oussama/.m2/repository/org/jboss/logging/jboss-logging/3.3.1.Final/jboss-logging-3.3.1.Final.jar:/home/oussama/.m2/repository/org/hibernate/javax/persistence/hibernate-jpa-2.1-api/1.0.0.Final/hibernate-jpa-2.1-api-1.0.0.Final.jar:/home/oussama/.m2/repository/org/javassist/javassist/3.21.0-GA/javassist-3.21.0-GA.jar:/home/oussama/.m2/repository/antlr/antlr/2.7.7/antlr-2.7.7.jar:/home/oussama/.m2/repository/org/jboss/jandex/2.0.0.Final/jandex-2.0.0.Final.jar:/home/oussama/.m2/repository/dom4j/dom4j/1.6.1/dom4j-1.6.1.jar:/home/oussama/.m2/repository/org/hibernate/common/hibernate-commons-annotations/5.0.1.Final/hibernate-commons-annotations-5.0.1.Final.jar:/home/oussama/.m2/repository/org/hibernate/hibernate-entitymanager/5.0.12.Final/hibernate-entitymanager-5.0.12.Final.jar:/home/oussama/.m2/repository/javax/transaction/javax.transaction-api/1.2/javax.transaction-api-1.2.jar:/home/oussama/.m2/repository/org/springframework/data/spring-data-jpa/1.11.7.RELEASE/spring-data-jpa-1.11.7.RELEASE.jar:/home/oussama/.m2/repository/org/springframework/data/spring-data-commons/1.13.7.RELEASE/spring-data-commons-1.13.7.RELEASE.jar:/home/oussama/.m2/repository/org/springframework/spring-orm/4.3.11.RELEASE/spring-orm-4.3.11.RELEASE.jar:/home/oussama/.m2/repository/org/springframework/spring-tx/4.3.11.RELEASE/spring-tx-4.3.11.RELEASE.jar:/home/oussama/.m2/repository/org/springframework/spring-beans/4.3.11.RELEASE/spring-beans-4.3.11.RELEASE.jar:/home/oussama/.m2/repository/org/slf4j/slf4j-api/1.7.25/slf4j-api-1.7.25.jar:/home/oussama/.m2/repository/org/springframework/spring-aspects/4.3.11.RELEASE/spring-aspects-4.3.11.RELEASE.jar:/home/oussama/.m2/repository/org/springframework/boot/spring-boot-configuration-processor/1.5.7.RELEASE/spring-boot-configuration-processor-1.5.7.RELEASE.jar:/home/oussama/.m2/repository/com/vaadin/external/google/android-json/0.0.20131108.vaadin1/android-json-0.0.20131108.vaadin1.jar:/home/oussama/.m2/repository/org/projectlombok/lombok/1.16.18/lombok-1.16.18.jar:/home/oussama/.m2/repository/com/h2database/h2/1.4.196/h2-1.4.196.jar:/home/oussama/.m2/repository/org/springframework/boot/spring-boot-starter-test/1.5.7.RELEASE/spring-boot-starter-test-1.5.7.RELEASE.jar:/home/oussama/.m2/repository/org/springframework/boot/spring-boot-test/1.5.7.RELEASE/spring-boot-test-1.5.7.RELEASE.jar:/home/oussama/.m2/repository/org/springframework/boot/spring-boot-test-autoconfigure/1.5.7.RELEASE/spring-boot-test-autoconfigure-1.5.7.RELEASE.jar:/home/oussama/.m2/repository/com/jayway/jsonpath/json-path/2.2.0/json-path-2.2.0.jar:/home/oussama/.m2/repository/net/minidev/json-smart/2.2.1/json-smart-2.2.1.jar:/home/oussama/.m2/repository/net/minidev/accessors-smart/1.1/accessors-smart-1.1.jar:/home/oussama/.m2/repository/org/ow2/asm/asm/5.0.3/asm-5.0.3.jar:/home/oussama/.m2/repository/junit/junit/4.12/junit-4.12.jar:/home/oussama/.m2/repository/org/assertj/assertj-core/2.6.0/assertj-core-2.6.0.jar:/home/oussama/.m2/repository/org/mockito/mockito-core/1.10.19/mockito-core-1.10.19.jar:/home/oussama/.m2/repository/org/objenesis/objenesis/2.1/objenesis-2.1.jar:/home/oussama/.m2/repository/org/hamcrest/hamcrest-core/1.3/hamcrest-core-1.3.jar:/home/oussama/.m2/repository/org/hamcrest/hamcrest-library/1.3/hamcrest-library-1.3.jar:/home/oussama/.m2/repository/org/skyscreamer/jsonassert/1.4.0/jsonassert-1.4.0.jar:/home/oussama/.m2/repository/org/springframework/spring-test/4.3.11.RELEASE/spring-test-4.3.11.RELEASE.jar:, user.name=oussama, java.vm.specification.version=1.8, sun.java.command=/home/oussama/NetBeansProjects/SpringBootExperimentApp/target/surefire/surefirebooter1876925733836857794.jar /home/oussama/NetBeansProjects/SpringBootExperimentApp/target/surefire/surefire4290382104650499494tmp /home/oussama/NetBeansProjects/SpringBootExperimentApp/target/surefire/surefire_04918057798593086784tmp, java.home=/usr/lib/jvm/jdk1.8.0_131/jre, sun.arch.data.model=64, user.language=en, java.specification.vendor=Oracle Corporation, awt.toolkit=sun.awt.X11.XToolkit, java.vm.info=mixed mode, java.version=1.8.0_131, java.ext.dirs=/usr/lib/jvm/jdk1.8.0_131/jre/lib/ext:/usr/java/packages/lib/ext, sun.boot.class.path=/usr/lib/jvm/jdk1.8.0_131/jre/lib/resources.jar:/usr/lib/jvm/jdk1.8.0_131/jre/lib/rt.jar:/usr/lib/jvm/jdk1.8.0_131/jre/lib/sunrsasign.jar:/usr/lib/jvm/jdk1.8.0_131/jre/lib/jsse.jar:/usr/lib/jvm/jdk1.8.0_131/jre/lib/jce.jar:/usr/lib/jvm/jdk1.8.0_131/jre/lib/charsets.jar:/usr/lib/jvm/jdk1.8.0_131/jre/lib/jfr.jar:/usr/lib/jvm/jdk1.8.0_131/jre/classes, java.vendor=Oracle Corporation, localRepository=/home/oussama/.m2/repository, file.separator=/, java.vendor.url.bug=http://bugreport.sun.com/bugreport/, sun.io.unicode.encoding=UnicodeLittle, sun.cpu.endian=little, sun.desktop=gnome, sun.cpu.isalist=}}, SystemEnvironmentPropertySource@1518864111 {name='systemEnvironment', properties={PATH=/usr/local/sbin:/usr/local/bin:/usr/sbin:/usr/bin:/sbin:/bin:/usr/games:/usr/local/games:/home/oussama/my_program_files/apache-maven-3.5.0/bin, XAUTHORITY=/home/oussama/.Xauthority, XMODIFIERS=@im=ibus, XDG_DATA_DIRS=/usr/share/ubuntu:/usr/share/gnome:/usr/local/share/:/usr/share/, GDMSESSION=ubuntu, MANDATORY_PATH=/usr/share/gconf/ubuntu.mandatory.path, TEXTDOMAINDIR=/usr/share/locale/, GTK_IM_MODULE=ibus, DBUS_SESSION_BUS_ADDRESS=unix:abstract=/tmp/dbus-kV2P3O8bzS, DEFAULTS_PATH=/usr/share/gconf/ubuntu.default.path, XDG_CURRENT_DESKTOP=Unity, NB_EXEC_MAVEN_PROCESS_UUID=54fe45b5-c3bb-4377-a32b-3dc92c576f49, LD_LIBRARY_PATH=/usr/lib/jvm/jdk1.8.0_131/jre/lib/amd64:/usr/lib/jvm/jdk1.8.0_131/jre/lib/i386:, UPSTART_SESSION=unix:abstract=/com/ubuntu/upstart-session/1000/3228, QT4_IM_MODULE=xim, SESSION_MANAGER=local/pc-obServer:@/tmp/.ICE-unix/3523,unix/pc-obServer:/tmp/.ICE-unix/3523, LOGNAME=oussama, JOB=dbus, PWD=/home/oussama/NetBeansProjects/SpringBootExperimentApp, IM_CONFIG_PHASE=1, LANGUAGE=en_US:en, SHELL=/bin/bash, GIO_LAUNCHED_DESKTOP_FILE=/usr/share/applications/netbeans-8.2.desktop, INSTANCE=, OLDPWD=/home/oussama/NetBeansProjects/SpringBootExperimentApp, GNOME_DESKTOP_SESSION_ID=this-is-deprecated, GTK_MODULES=overlay-scrollbar:unity-gtk-module, CLUTTER_IM_MODULE=xim, XDG_SESSION_PATH=/org/freedesktop/DisplayManager/Session0, TEXTDOMAIN=im-config, M2_HOME=/home/oussama/my_program_files/apache-maven-3.5.0, COMPIZ_BIN_PATH=/usr/bin/, SESSIONTYPE=gnome-session, SHLVL=1, J2D_PIXMAPS=shared, COMPIZ_CONFIG_PROFILE=ubuntu, QT_IM_MODULE=ibus, JAVA_HOME=/usr/lib/jvm/jdk1.8.0_131, XDG_CONFIG_DIRS=/etc/xdg/xdg-ubuntu:/usr/share/upstart/xdg:/etc/xdg, XFILESEARCHPATH=/usr/dt/app-defaults/%L/Dt, LANG=en_US.UTF-8, GNOME_KEYRING_CONTROL=/run/user/1000/keyring-KPVftw, XDG_SEAT_PATH=/org/freedesktop/DisplayManager/Seat0, XDG_SESSION_ID=c2, SELINUX_INIT=YES, DISPLAY=:0, netbeansProjectMappings=, MAVEN_CMD_LINE_ARGS= -Dtest=com.example.BasicApplicationTests -Dmaven.ext.class.path=/home/oussama/my_program_files/netbeans-8.2/java/maven-nblib/netbeans-eventspy.jar surefire:test, _=/usr/lib/jvm/jdk1.8.0_131/bin/java, GDM_LANG=en_US, XDG_GREETER_DATA_DIR=/var/lib/lightdm-data/oussama, GPG_AGENT_INFO=/run/user/1000/keyring-KPVftw/gpg:0:1, MAVEN_PROJECTBASEDIR=/home/oussama/NetBeansProjects/SpringBootExperimentApp, DESKTOP_SESSION=ubuntu, SESSION=ubuntu, USER=oussama, XDG_MENU_PREFIX=gnome-, GIO_LAUNCHED_DESKTOP_FILE_PID=4422, SSH_AUTH_SOCK=/run/user/1000/keyring-KPVftw/ssh, XDG_SEAT=seat0, NLSPATH=/usr/dt/lib/nls/msg/%L/%N.cat, QT_QPA_PLATFORMTHEME=appmenu-qt5, XDG_VTNR=7, XDG_RUNTIME_DIR=/run/user/1000, HOME=/home/oussama, GNOME_KEYRING_PID=3226}}]
19:04:51.644 [main] DEBUG org.springframework.core.io.support.PathMatchingResourcePatternResolver - Resolved classpath location [com/example/] to resources [URL [file:/home/oussama/NetBeansProjects/SpringBootExperimentApp/target/test-classes/com/example/], URL [file:/home/oussama/NetBeansProjects/SpringBootExperimentApp/target/classes/com/example/]]
19:04:51.645 [main] DEBUG org.springframework.core.io.support.PathMatchingResourcePatternResolver - Looking for matching resources in directory tree [/home/oussama/NetBeansProjects/SpringBootExperimentApp/target/test-classes/com/example]
19:04:51.645 [main] DEBUG org.springframework.core.io.support.PathMatchingResourcePatternResolver - Searching directory [/home/oussama/NetBeansProjects/SpringBootExperimentApp/target/test-classes/com/example] for files matching pattern [/home/oussama/NetBeansProjects/SpringBootExperimentApp/target/test-classes/com/example/*.class]
19:04:51.648 [main] DEBUG org.springframework.core.io.support.PathMatchingResourcePatternResolver - Looking for matching resources in directory tree [/home/oussama/NetBeansProjects/SpringBootExperimentApp/target/classes/com/example]
19:04:51.648 [main] DEBUG org.springframework.core.io.support.PathMatchingResourcePatternResolver - Searching directory [/home/oussama/NetBeansProjects/SpringBootExperimentApp/target/classes/com/example] for files matching pattern [/home/oussama/NetBeansProjects/SpringBootExperimentApp/target/classes/com/example/*.class]
19:04:51.649 [main] DEBUG org.springframework.core.io.support.PathMatchingResourcePatternResolver - Resolved location pattern [classpath*:com/example/*.class] to resources [file [/home/oussama/NetBeansProjects/SpringBootExperimentApp/target/test-classes/com/example/BasicApplicationTests.class]]
19:04:51.664 [main] DEBUG org.springframework.core.io.support.PathMatchingResourcePatternResolver - Resolved classpath location [com/] to resources [URL [file:/home/oussama/NetBeansProjects/SpringBootExperimentApp/target/test-classes/com/], URL [file:/home/oussama/NetBeansProjects/SpringBootExperimentApp/target/classes/com/], URL [jar:file:/home/oussama/.m2/repository/org/projectlombok/lombok/1.16.18/lombok-1.16.18.jar!/com/], URL [jar:file:/home/oussama/.m2/repository/com/jayway/jsonpath/json-path/2.2.0/json-path-2.2.0.jar!/com/]]
19:04:51.665 [main] DEBUG org.springframework.core.io.support.PathMatchingResourcePatternResolver - Looking for matching resources in directory tree [/home/oussama/NetBeansProjects/SpringBootExperimentApp/target/test-classes/com]
19:04:51.665 [main] DEBUG org.springframework.core.io.support.PathMatchingResourcePatternResolver - Searching directory [/home/oussama/NetBeansProjects/SpringBootExperimentApp/target/test-classes/com] for files matching pattern [/home/oussama/NetBeansProjects/SpringBootExperimentApp/target/test-classes/com/*.class]
19:04:51.665 [main] DEBUG org.springframework.core.io.support.PathMatchingResourcePatternResolver - Looking for matching resources in directory tree [/home/oussama/NetBeansProjects/SpringBootExperimentApp/target/classes/com]
19:04:51.665 [main] DEBUG org.springframework.core.io.support.PathMatchingResourcePatternResolver - Searching directory [/home/oussama/NetBeansProjects/SpringBootExperimentApp/target/classes/com] for files matching pattern [/home/oussama/NetBeansProjects/SpringBootExperimentApp/target/classes/com/*.class]
19:04:51.666 [main] DEBUG org.springframework.core.io.support.PathMatchingResourcePatternResolver - Looking for matching resources in jar file [file:/home/oussama/.m2/repository/org/projectlombok/lombok/1.16.18/lombok-1.16.18.jar]
19:04:51.676 [main] DEBUG org.springframework.core.io.support.PathMatchingResourcePatternResolver - Looking for matching resources in jar file [file:/home/oussama/.m2/repository/com/jayway/jsonpath/json-path/2.2.0/json-path-2.2.0.jar]
19:04:51.681 [main] DEBUG org.springframework.core.io.support.PathMatchingResourcePatternResolver - Resolved location pattern [classpath*:com/*.class] to resources []
19:04:51.695 [main] DEBUG org.springframework.test.context.junit4.SpringJUnit4ClassRunner - SpringJUnit4ClassRunner constructor called with [class com.example.BasicApplicationTests]
19:04:51.695 [main] DEBUG org.springframework.test.context.BootstrapUtils - Instantiating CacheAwareContextLoaderDelegate from class [org.springframework.test.context.cache.DefaultCacheAwareContextLoaderDelegate]
19:04:51.696 [main] DEBUG org.springframework.test.context.BootstrapUtils - Instantiating BootstrapContext using constructor [public org.springframework.test.context.support.DefaultBootstrapContext(java.lang.Class,org.springframework.test.context.CacheAwareContextLoaderDelegate)]
19:04:51.696 [main] DEBUG org.springframework.test.context.BootstrapUtils - Instantiating TestContextBootstrapper for test class [com.example.BasicApplicationTests] from class [org.springframework.boot.test.context.SpringBootTestContextBootstrapper]
19:04:51.697 [main] INFO org.springframework.boot.test.context.SpringBootTestContextBootstrapper - Neither @ContextConfiguration nor @ContextHierarchy found for test class [com.example.BasicApplicationTests], using SpringBootContextLoader
19:04:51.698 [main] DEBUG org.springframework.test.context.support.AbstractContextLoader - Did not detect default resource location for test class [com.example.BasicApplicationTests]: class path resource [com/example/BasicApplicationTests-context.xml] does not exist
19:04:51.698 [main] DEBUG org.springframework.test.context.support.AbstractContextLoader - Did not detect default resource location for test class [com.example.BasicApplicationTests]: class path resource [com/example/BasicApplicationTestsContext.groovy] does not exist
19:04:51.698 [main] INFO org.springframework.test.context.support.AbstractContextLoader - Could not detect default resource locations for test class [com.example.BasicApplicationTests]: no resource found for suffixes {-context.xml, Context.groovy}.
19:04:51.698 [main] INFO org.springframework.test.context.support.AnnotationConfigContextLoaderUtils - Could not detect default configuration classes for test class [com.example.BasicApplicationTests]: BasicApplicationTests does not declare any static, non-private, non-final, nested classes annotated with @Configuration.
19:04:51.703 [main] DEBUG org.springframework.test.context.support.ActiveProfilesUtils - Could not find an 'annotation declaring class' for annotation type [org.springframework.test.context.ActiveProfiles] and class [com.example.BasicApplicationTests]
19:04:51.703 [main] DEBUG org.springframework.core.env.StandardEnvironment - Adding PropertySource 'systemProperties' with lowest search precedence
19:04:51.703 [main] DEBUG org.springframework.core.env.StandardEnvironment - Adding PropertySource 'systemEnvironment' with lowest search precedence
19:04:51.704 [main] DEBUG org.springframework.core.env.StandardEnvironment - Initialized StandardEnvironment with PropertySources [MapPropertySource@1613255205 {name='systemProperties', properties={java.runtime.name=Java(TM) SE Runtime Environment, sun.boot.library.path=/usr/lib/jvm/jdk1.8.0_131/jre/lib/amd64, java.vm.version=25.131-b11, java.vm.vendor=Oracle Corporation, java.vendor.url=http://java.oracle.com/, path.separator=:, java.vm.name=Java HotSpot(TM) 64-Bit Server VM, file.encoding.pkg=sun.io, user.country=US, sun.java.launcher=SUN_STANDARD, sun.os.patch.level=unknown, test=com.example.BasicApplicationTests, java.vm.specification.name=Java Virtual Machine Specification, user.dir=/home/oussama/NetBeansProjects/SpringBootExperimentApp, java.runtime.version=1.8.0_131-b11, basedir=/home/oussama/NetBeansProjects/SpringBootExperimentApp, java.awt.graphicsenv=sun.awt.X11GraphicsEnvironment, java.endorsed.dirs=/usr/lib/jvm/jdk1.8.0_131/jre/lib/endorsed, os.arch=amd64, surefire.real.class.path=/home/oussama/NetBeansProjects/SpringBootExperimentApp/target/surefire/surefirebooter1876925733836857794.jar, java.io.tmpdir=/tmp, line.separator=
, java.vm.specification.vendor=Oracle Corporation, os.name=Linux, maven.ext.class.path=/home/oussama/my_program_files/netbeans-8.2/java/maven-nblib/netbeans-eventspy.jar, sun.jnu.encoding=UTF-8, java.library.path=/usr/lib/jvm/jdk1.8.0_131/jre/lib/amd64:/usr/lib/jvm/jdk1.8.0_131/jre/lib/i386::/usr/java/packages/lib/amd64:/usr/lib64:/lib64:/lib:/usr/lib, surefire.test.class.path=/home/oussama/NetBeansProjects/SpringBootExperimentApp/target/test-classes:/home/oussama/NetBeansProjects/SpringBootExperimentApp/target/classes:/home/oussama/.m2/repository/org/springframework/boot/spring-boot-starter/1.5.7.RELEASE/spring-boot-starter-1.5.7.RELEASE.jar:/home/oussama/.m2/repository/org/springframework/boot/spring-boot/1.5.7.RELEASE/spring-boot-1.5.7.RELEASE.jar:/home/oussama/.m2/repository/org/springframework/spring-context/4.3.11.RELEASE/spring-context-4.3.11.RELEASE.jar:/home/oussama/.m2/repository/org/springframework/spring-expression/4.3.11.RELEASE/spring-expression-4.3.11.RELEASE.jar:/home/oussama/.m2/repository/org/springframework/boot/spring-boot-autoconfigure/1.5.7.RELEASE/spring-boot-autoconfigure-1.5.7.RELEASE.jar:/home/oussama/.m2/repository/org/springframework/boot/spring-boot-starter-logging/1.5.7.RELEASE/spring-boot-starter-logging-1.5.7.RELEASE.jar:/home/oussama/.m2/repository/ch/qos/logback/logback-classic/1.1.11/logback-classic-1.1.11.jar:/home/oussama/.m2/repository/ch/qos/logback/logback-core/1.1.11/logback-core-1.1.11.jar:/home/oussama/.m2/repository/org/slf4j/jcl-over-slf4j/1.7.25/jcl-over-slf4j-1.7.25.jar:/home/oussama/.m2/repository/org/slf4j/jul-to-slf4j/1.7.25/jul-to-slf4j-1.7.25.jar:/home/oussama/.m2/repository/org/slf4j/log4j-over-slf4j/1.7.25/log4j-over-slf4j-1.7.25.jar:/home/oussama/.m2/repository/org/springframework/spring-core/4.3.11.RELEASE/spring-core-4.3.11.RELEASE.jar:/home/oussama/.m2/repository/org/yaml/snakeyaml/1.17/snakeyaml-1.17.jar:/home/oussama/.m2/repository/org/springframework/boot/spring-boot-starter-data-jpa/1.5.7.RELEASE/spring-boot-starter-data-jpa-1.5.7.RELEASE.jar:/home/oussama/.m2/repository/org/springframework/boot/spring-boot-starter-aop/1.5.7.RELEASE/spring-boot-starter-aop-1.5.7.RELEASE.jar:/home/oussama/.m2/repository/org/springframework/spring-aop/4.3.11.RELEASE/spring-aop-4.3.11.RELEASE.jar:/home/oussama/.m2/repository/org/aspectj/aspectjweaver/1.8.10/aspectjweaver-1.8.10.jar:/home/oussama/.m2/repository/org/springframework/boot/spring-boot-starter-jdbc/1.5.7.RELEASE/spring-boot-starter-jdbc-1.5.7.RELEASE.jar:/home/oussama/.m2/repository/org/apache/tomcat/tomcat-jdbc/8.5.20/tomcat-jdbc-8.5.20.jar:/home/oussama/.m2/repository/org/apache/tomcat/tomcat-juli/8.5.20/tomcat-juli-8.5.20.jar:/home/oussama/.m2/repository/org/springframework/spring-jdbc/4.3.11.RELEASE/spring-jdbc-4.3.11.RELEASE.jar:/home/oussama/.m2/repository/org/hibernate/hibernate-core/5.0.12.Final/hibernate-core-5.0.12.Final.jar:/home/oussama/.m2/repository/org/jboss/logging/jboss-logging/3.3.1.Final/jboss-logging-3.3.1.Final.jar:/home/oussama/.m2/repository/org/hibernate/javax/persistence/hibernate-jpa-2.1-api/1.0.0.Final/hibernate-jpa-2.1-api-1.0.0.Final.jar:/home/oussama/.m2/repository/org/javassist/javassist/3.21.0-GA/javassist-3.21.0-GA.jar:/home/oussama/.m2/repository/antlr/antlr/2.7.7/antlr-2.7.7.jar:/home/oussama/.m2/repository/org/jboss/jandex/2.0.0.Final/jandex-2.0.0.Final.jar:/home/oussama/.m2/repository/dom4j/dom4j/1.6.1/dom4j-1.6.1.jar:/home/oussama/.m2/repository/org/hibernate/common/hibernate-commons-annotations/5.0.1.Final/hibernate-commons-annotations-5.0.1.Final.jar:/home/oussama/.m2/repository/org/hibernate/hibernate-entitymanager/5.0.12.Final/hibernate-entitymanager-5.0.12.Final.jar:/home/oussama/.m2/repository/javax/transaction/javax.transaction-api/1.2/javax.transaction-api-1.2.jar:/home/oussama/.m2/repository/org/springframework/data/spring-data-jpa/1.11.7.RELEASE/spring-data-jpa-1.11.7.RELEASE.jar:/home/oussama/.m2/repository/org/springframework/data/spring-data-commons/1.13.7.RELEASE/spring-data-commons-1.13.7.RELEASE.jar:/home/oussama/.m2/repository/org/springframework/spring-orm/4.3.11.RELEASE/spring-orm-4.3.11.RELEASE.jar:/home/oussama/.m2/repository/org/springframework/spring-tx/4.3.11.RELEASE/spring-tx-4.3.11.RELEASE.jar:/home/oussama/.m2/repository/org/springframework/spring-beans/4.3.11.RELEASE/spring-beans-4.3.11.RELEASE.jar:/home/oussama/.m2/repository/org/slf4j/slf4j-api/1.7.25/slf4j-api-1.7.25.jar:/home/oussama/.m2/repository/org/springframework/spring-aspects/4.3.11.RELEASE/spring-aspects-4.3.11.RELEASE.jar:/home/oussama/.m2/repository/org/springframework/boot/spring-boot-configuration-processor/1.5.7.RELEASE/spring-boot-configuration-processor-1.5.7.RELEASE.jar:/home/oussama/.m2/repository/com/vaadin/external/google/android-json/0.0.20131108.vaadin1/android-json-0.0.20131108.vaadin1.jar:/home/oussama/.m2/repository/org/projectlombok/lombok/1.16.18/lombok-1.16.18.jar:/home/oussama/.m2/repository/com/h2database/h2/1.4.196/h2-1.4.196.jar:/home/oussama/.m2/repository/org/springframework/boot/spring-boot-starter-test/1.5.7.RELEASE/spring-boot-starter-test-1.5.7.RELEASE.jar:/home/oussama/.m2/repository/org/springframework/boot/spring-boot-test/1.5.7.RELEASE/spring-boot-test-1.5.7.RELEASE.jar:/home/oussama/.m2/repository/org/springframework/boot/spring-boot-test-autoconfigure/1.5.7.RELEASE/spring-boot-test-autoconfigure-1.5.7.RELEASE.jar:/home/oussama/.m2/repository/com/jayway/jsonpath/json-path/2.2.0/json-path-2.2.0.jar:/home/oussama/.m2/repository/net/minidev/json-smart/2.2.1/json-smart-2.2.1.jar:/home/oussama/.m2/repository/net/minidev/accessors-smart/1.1/accessors-smart-1.1.jar:/home/oussama/.m2/repository/org/ow2/asm/asm/5.0.3/asm-5.0.3.jar:/home/oussama/.m2/repository/junit/junit/4.12/junit-4.12.jar:/home/oussama/.m2/repository/org/assertj/assertj-core/2.6.0/assertj-core-2.6.0.jar:/home/oussama/.m2/repository/org/mockito/mockito-core/1.10.19/mockito-core-1.10.19.jar:/home/oussama/.m2/repository/org/objenesis/objenesis/2.1/objenesis-2.1.jar:/home/oussama/.m2/repository/org/hamcrest/hamcrest-core/1.3/hamcrest-core-1.3.jar:/home/oussama/.m2/repository/org/hamcrest/hamcrest-library/1.3/hamcrest-library-1.3.jar:/home/oussama/.m2/repository/org/skyscreamer/jsonassert/1.4.0/jsonassert-1.4.0.jar:/home/oussama/.m2/repository/org/springframework/spring-test/4.3.11.RELEASE/spring-test-4.3.11.RELEASE.jar:, java.specification.name=Java Platform API Specification, java.class.version=52.0, sun.management.compiler=HotSpot 64-Bit Tiered Compilers, os.version=4.4.0-96-generic, user.home=/home/oussama, user.timezone=Europe/Paris, java.awt.printerjob=sun.print.PSPrinterJob, file.encoding=UTF-8, java.specification.version=1.8, java.class.path=/home/oussama/NetBeansProjects/SpringBootExperimentApp/target/test-classes:/home/oussama/NetBeansProjects/SpringBootExperimentApp/target/classes:/home/oussama/.m2/repository/org/springframework/boot/spring-boot-starter/1.5.7.RELEASE/spring-boot-starter-1.5.7.RELEASE.jar:/home/oussama/.m2/repository/org/springframework/boot/spring-boot/1.5.7.RELEASE/spring-boot-1.5.7.RELEASE.jar:/home/oussama/.m2/repository/org/springframework/spring-context/4.3.11.RELEASE/spring-context-4.3.11.RELEASE.jar:/home/oussama/.m2/repository/org/springframework/spring-expression/4.3.11.RELEASE/spring-expression-4.3.11.RELEASE.jar:/home/oussama/.m2/repository/org/springframework/boot/spring-boot-autoconfigure/1.5.7.RELEASE/spring-boot-autoconfigure-1.5.7.RELEASE.jar:/home/oussama/.m2/repository/org/springframework/boot/spring-boot-starter-logging/1.5.7.RELEASE/spring-boot-starter-logging-1.5.7.RELEASE.jar:/home/oussama/.m2/repository/ch/qos/logback/logback-classic/1.1.11/logback-classic-1.1.11.jar:/home/oussama/.m2/repository/ch/qos/logback/logback-core/1.1.11/logback-core-1.1.11.jar:/home/oussama/.m2/repository/org/slf4j/jcl-over-slf4j/1.7.25/jcl-over-slf4j-1.7.25.jar:/home/oussama/.m2/repository/org/slf4j/jul-to-slf4j/1.7.25/jul-to-slf4j-1.7.25.jar:/home/oussama/.m2/repository/org/slf4j/log4j-over-slf4j/1.7.25/log4j-over-slf4j-1.7.25.jar:/home/oussama/.m2/repository/org/springframework/spring-core/4.3.11.RELEASE/spring-core-4.3.11.RELEASE.jar:/home/oussama/.m2/repository/org/yaml/snakeyaml/1.17/snakeyaml-1.17.jar:/home/oussama/.m2/repository/org/springframework/boot/spring-boot-starter-data-jpa/1.5.7.RELEASE/spring-boot-starter-data-jpa-1.5.7.RELEASE.jar:/home/oussama/.m2/repository/org/springframework/boot/spring-boot-starter-aop/1.5.7.RELEASE/spring-boot-starter-aop-1.5.7.RELEASE.jar:/home/oussama/.m2/repository/org/springframework/spring-aop/4.3.11.RELEASE/spring-aop-4.3.11.RELEASE.jar:/home/oussama/.m2/repository/org/aspectj/aspectjweaver/1.8.10/aspectjweaver-1.8.10.jar:/home/oussama/.m2/repository/org/springframework/boot/spring-boot-starter-jdbc/1.5.7.RELEASE/spring-boot-starter-jdbc-1.5.7.RELEASE.jar:/home/oussama/.m2/repository/org/apache/tomcat/tomcat-jdbc/8.5.20/tomcat-jdbc-8.5.20.jar:/home/oussama/.m2/repository/org/apache/tomcat/tomcat-juli/8.5.20/tomcat-juli-8.5.20.jar:/home/oussama/.m2/repository/org/springframework/spring-jdbc/4.3.11.RELEASE/spring-jdbc-4.3.11.RELEASE.jar:/home/oussama/.m2/repository/org/hibernate/hibernate-core/5.0.12.Final/hibernate-core-5.0.12.Final.jar:/home/oussama/.m2/repository/org/jboss/logging/jboss-logging/3.3.1.Final/jboss-logging-3.3.1.Final.jar:/home/oussama/.m2/repository/org/hibernate/javax/persistence/hibernate-jpa-2.1-api/1.0.0.Final/hibernate-jpa-2.1-api-1.0.0.Final.jar:/home/oussama/.m2/repository/org/javassist/javassist/3.21.0-GA/javassist-3.21.0-GA.jar:/home/oussama/.m2/repository/antlr/antlr/2.7.7/antlr-2.7.7.jar:/home/oussama/.m2/repository/org/jboss/jandex/2.0.0.Final/jandex-2.0.0.Final.jar:/home/oussama/.m2/repository/dom4j/dom4j/1.6.1/dom4j-1.6.1.jar:/home/oussama/.m2/repository/org/hibernate/common/hibernate-commons-annotations/5.0.1.Final/hibernate-commons-annotations-5.0.1.Final.jar:/home/oussama/.m2/repository/org/hibernate/hibernate-entitymanager/5.0.12.Final/hibernate-entitymanager-5.0.12.Final.jar:/home/oussama/.m2/repository/javax/transaction/javax.transaction-api/1.2/javax.transaction-api-1.2.jar:/home/oussama/.m2/repository/org/springframework/data/spring-data-jpa/1.11.7.RELEASE/spring-data-jpa-1.11.7.RELEASE.jar:/home/oussama/.m2/repository/org/springframework/data/spring-data-commons/1.13.7.RELEASE/spring-data-commons-1.13.7.RELEASE.jar:/home/oussama/.m2/repository/org/springframework/spring-orm/4.3.11.RELEASE/spring-orm-4.3.11.RELEASE.jar:/home/oussama/.m2/repository/org/springframework/spring-tx/4.3.11.RELEASE/spring-tx-4.3.11.RELEASE.jar:/home/oussama/.m2/repository/org/springframework/spring-beans/4.3.11.RELEASE/spring-beans-4.3.11.RELEASE.jar:/home/oussama/.m2/repository/org/slf4j/slf4j-api/1.7.25/slf4j-api-1.7.25.jar:/home/oussama/.m2/repository/org/springframework/spring-aspects/4.3.11.RELEASE/spring-aspects-4.3.11.RELEASE.jar:/home/oussama/.m2/repository/org/springframework/boot/spring-boot-configuration-processor/1.5.7.RELEASE/spring-boot-configuration-processor-1.5.7.RELEASE.jar:/home/oussama/.m2/repository/com/vaadin/external/google/android-json/0.0.20131108.vaadin1/android-json-0.0.20131108.vaadin1.jar:/home/oussama/.m2/repository/org/projectlombok/lombok/1.16.18/lombok-1.16.18.jar:/home/oussama/.m2/repository/com/h2database/h2/1.4.196/h2-1.4.196.jar:/home/oussama/.m2/repository/org/springframework/boot/spring-boot-starter-test/1.5.7.RELEASE/spring-boot-starter-test-1.5.7.RELEASE.jar:/home/oussama/.m2/repository/org/springframework/boot/spring-boot-test/1.5.7.RELEASE/spring-boot-test-1.5.7.RELEASE.jar:/home/oussama/.m2/repository/org/springframework/boot/spring-boot-test-autoconfigure/1.5.7.RELEASE/spring-boot-test-autoconfigure-1.5.7.RELEASE.jar:/home/oussama/.m2/repository/com/jayway/jsonpath/json-path/2.2.0/json-path-2.2.0.jar:/home/oussama/.m2/repository/net/minidev/json-smart/2.2.1/json-smart-2.2.1.jar:/home/oussama/.m2/repository/net/minidev/accessors-smart/1.1/accessors-smart-1.1.jar:/home/oussama/.m2/repository/org/ow2/asm/asm/5.0.3/asm-5.0.3.jar:/home/oussama/.m2/repository/junit/junit/4.12/junit-4.12.jar:/home/oussama/.m2/repository/org/assertj/assertj-core/2.6.0/assertj-core-2.6.0.jar:/home/oussama/.m2/repository/org/mockito/mockito-core/1.10.19/mockito-core-1.10.19.jar:/home/oussama/.m2/repository/org/objenesis/objenesis/2.1/objenesis-2.1.jar:/home/oussama/.m2/repository/org/hamcrest/hamcrest-core/1.3/hamcrest-core-1.3.jar:/home/oussama/.m2/repository/org/hamcrest/hamcrest-library/1.3/hamcrest-library-1.3.jar:/home/oussama/.m2/repository/org/skyscreamer/jsonassert/1.4.0/jsonassert-1.4.0.jar:/home/oussama/.m2/repository/org/springframework/spring-test/4.3.11.RELEASE/spring-test-4.3.11.RELEASE.jar:, user.name=oussama, java.vm.specification.version=1.8, sun.java.command=/home/oussama/NetBeansProjects/SpringBootExperimentApp/target/surefire/surefirebooter1876925733836857794.jar /home/oussama/NetBeansProjects/SpringBootExperimentApp/target/surefire/surefire4290382104650499494tmp /home/oussama/NetBeansProjects/SpringBootExperimentApp/target/surefire/surefire_04918057798593086784tmp, java.home=/usr/lib/jvm/jdk1.8.0_131/jre, sun.arch.data.model=64, user.language=en, java.specification.vendor=Oracle Corporation, awt.toolkit=sun.awt.X11.XToolkit, java.vm.info=mixed mode, java.version=1.8.0_131, java.ext.dirs=/usr/lib/jvm/jdk1.8.0_131/jre/lib/ext:/usr/java/packages/lib/ext, sun.boot.class.path=/usr/lib/jvm/jdk1.8.0_131/jre/lib/resources.jar:/usr/lib/jvm/jdk1.8.0_131/jre/lib/rt.jar:/usr/lib/jvm/jdk1.8.0_131/jre/lib/sunrsasign.jar:/usr/lib/jvm/jdk1.8.0_131/jre/lib/jsse.jar:/usr/lib/jvm/jdk1.8.0_131/jre/lib/jce.jar:/usr/lib/jvm/jdk1.8.0_131/jre/lib/charsets.jar:/usr/lib/jvm/jdk1.8.0_131/jre/lib/jfr.jar:/usr/lib/jvm/jdk1.8.0_131/jre/classes, java.vendor=Oracle Corporation, localRepository=/home/oussama/.m2/repository, file.separator=/, java.vendor.url.bug=http://bugreport.sun.com/bugreport/, sun.io.unicode.encoding=UnicodeLittle, sun.cpu.endian=little, sun.desktop=gnome, sun.cpu.isalist=}}, SystemEnvironmentPropertySource@1897115967 {name='systemEnvironment', properties={PATH=/usr/local/sbin:/usr/local/bin:/usr/sbin:/usr/bin:/sbin:/bin:/usr/games:/usr/local/games:/home/oussama/my_program_files/apache-maven-3.5.0/bin, XAUTHORITY=/home/oussama/.Xauthority, XMODIFIERS=@im=ibus, XDG_DATA_DIRS=/usr/share/ubuntu:/usr/share/gnome:/usr/local/share/:/usr/share/, GDMSESSION=ubuntu, MANDATORY_PATH=/usr/share/gconf/ubuntu.mandatory.path, TEXTDOMAINDIR=/usr/share/locale/, GTK_IM_MODULE=ibus, DBUS_SESSION_BUS_ADDRESS=unix:abstract=/tmp/dbus-kV2P3O8bzS, DEFAULTS_PATH=/usr/share/gconf/ubuntu.default.path, XDG_CURRENT_DESKTOP=Unity, NB_EXEC_MAVEN_PROCESS_UUID=54fe45b5-c3bb-4377-a32b-3dc92c576f49, LD_LIBRARY_PATH=/usr/lib/jvm/jdk1.8.0_131/jre/lib/amd64:/usr/lib/jvm/jdk1.8.0_131/jre/lib/i386:, UPSTART_SESSION=unix:abstract=/com/ubuntu/upstart-session/1000/3228, QT4_IM_MODULE=xim, SESSION_MANAGER=local/pc-obServer:@/tmp/.ICE-unix/3523,unix/pc-obServer:/tmp/.ICE-unix/3523, LOGNAME=oussama, JOB=dbus, PWD=/home/oussama/NetBeansProjects/SpringBootExperimentApp, IM_CONFIG_PHASE=1, LANGUAGE=en_US:en, SHELL=/bin/bash, GIO_LAUNCHED_DESKTOP_FILE=/usr/share/applications/netbeans-8.2.desktop, INSTANCE=, OLDPWD=/home/oussama/NetBeansProjects/SpringBootExperimentApp, GNOME_DESKTOP_SESSION_ID=this-is-deprecated, GTK_MODULES=overlay-scrollbar:unity-gtk-module, CLUTTER_IM_MODULE=xim, XDG_SESSION_PATH=/org/freedesktop/DisplayManager/Session0, TEXTDOMAIN=im-config, M2_HOME=/home/oussama/my_program_files/apache-maven-3.5.0, COMPIZ_BIN_PATH=/usr/bin/, SESSIONTYPE=gnome-session, SHLVL=1, J2D_PIXMAPS=shared, COMPIZ_CONFIG_PROFILE=ubuntu, QT_IM_MODULE=ibus, JAVA_HOME=/usr/lib/jvm/jdk1.8.0_131, XDG_CONFIG_DIRS=/etc/xdg/xdg-ubuntu:/usr/share/upstart/xdg:/etc/xdg, XFILESEARCHPATH=/usr/dt/app-defaults/%L/Dt, LANG=en_US.UTF-8, GNOME_KEYRING_CONTROL=/run/user/1000/keyring-KPVftw, XDG_SEAT_PATH=/org/freedesktop/DisplayManager/Seat0, XDG_SESSION_ID=c2, SELINUX_INIT=YES, DISPLAY=:0, netbeansProjectMappings=, MAVEN_CMD_LINE_ARGS= -Dtest=com.example.BasicApplicationTests -Dmaven.ext.class.path=/home/oussama/my_program_files/netbeans-8.2/java/maven-nblib/netbeans-eventspy.jar surefire:test, _=/usr/lib/jvm/jdk1.8.0_131/bin/java, GDM_LANG=en_US, XDG_GREETER_DATA_DIR=/var/lib/lightdm-data/oussama, GPG_AGENT_INFO=/run/user/1000/keyring-KPVftw/gpg:0:1, MAVEN_PROJECTBASEDIR=/home/oussama/NetBeansProjects/SpringBootExperimentApp, DESKTOP_SESSION=ubuntu, SESSION=ubuntu, USER=oussama, XDG_MENU_PREFIX=gnome-, GIO_LAUNCHED_DESKTOP_FILE_PID=4422, SSH_AUTH_SOCK=/run/user/1000/keyring-KPVftw/ssh, XDG_SEAT=seat0, NLSPATH=/usr/dt/lib/nls/msg/%L/%N.cat, QT_QPA_PLATFORMTHEME=appmenu-qt5, XDG_VTNR=7, XDG_RUNTIME_DIR=/run/user/1000, HOME=/home/oussama, GNOME_KEYRING_PID=3226}}]
19:04:51.713 [main] DEBUG org.springframework.core.io.support.PathMatchingResourcePatternResolver - Resolved classpath location [com/example/] to resources [URL [file:/home/oussama/NetBeansProjects/SpringBootExperimentApp/target/test-classes/com/example/], URL [file:/home/oussama/NetBeansProjects/SpringBootExperimentApp/target/classes/com/example/]]
19:04:51.713 [main] DEBUG org.springframework.core.io.support.PathMatchingResourcePatternResolver - Looking for matching resources in directory tree [/home/oussama/NetBeansProjects/SpringBootExperimentApp/target/test-classes/com/example]
19:04:51.713 [main] DEBUG org.springframework.core.io.support.PathMatchingResourcePatternResolver - Searching directory [/home/oussama/NetBeansProjects/SpringBootExperimentApp/target/test-classes/com/example] for files matching pattern [/home/oussama/NetBeansProjects/SpringBootExperimentApp/target/test-classes/com/example/*.class]
19:04:51.713 [main] DEBUG org.springframework.core.io.support.PathMatchingResourcePatternResolver - Looking for matching resources in directory tree [/home/oussama/NetBeansProjects/SpringBootExperimentApp/target/classes/com/example]
19:04:51.714 [main] DEBUG org.springframework.core.io.support.PathMatchingResourcePatternResolver - Searching directory [/home/oussama/NetBeansProjects/SpringBootExperimentApp/target/classes/com/example] for files matching pattern [/home/oussama/NetBeansProjects/SpringBootExperimentApp/target/classes/com/example/*.class]
19:04:51.714 [main] DEBUG org.springframework.core.io.support.PathMatchingResourcePatternResolver - Resolved location pattern [classpath*:com/example/*.class] to resources [file [/home/oussama/NetBeansProjects/SpringBootExperimentApp/target/test-classes/com/example/BasicApplicationTests.class]]
19:04:51.716 [main] DEBUG org.springframework.core.io.support.PathMatchingResourcePatternResolver - Resolved classpath location [com/] to resources [URL [file:/home/oussama/NetBeansProjects/SpringBootExperimentApp/target/test-classes/com/], URL [file:/home/oussama/NetBeansProjects/SpringBootExperimentApp/target/classes/com/], URL [jar:file:/home/oussama/.m2/repository/org/projectlombok/lombok/1.16.18/lombok-1.16.18.jar!/com/], URL [jar:file:/home/oussama/.m2/repository/com/jayway/jsonpath/json-path/2.2.0/json-path-2.2.0.jar!/com/]]
19:04:51.716 [main] DEBUG org.springframework.core.io.support.PathMatchingResourcePatternResolver - Looking for matching resources in directory tree [/home/oussama/NetBeansProjects/SpringBootExperimentApp/target/test-classes/com]
19:04:51.716 [main] DEBUG org.springframework.core.io.support.PathMatchingResourcePatternResolver - Searching directory [/home/oussama/NetBeansProjects/SpringBootExperimentApp/target/test-classes/com] for files matching pattern [/home/oussama/NetBeansProjects/SpringBootExperimentApp/target/test-classes/com/*.class]
19:04:51.717 [main] DEBUG org.springframework.core.io.support.PathMatchingResourcePatternResolver - Looking for matching resources in directory tree [/home/oussama/NetBeansProjects/SpringBootExperimentApp/target/classes/com]
19:04:51.717 [main] DEBUG org.springframework.core.io.support.PathMatchingResourcePatternResolver - Searching directory [/home/oussama/NetBeansProjects/SpringBootExperimentApp/target/classes/com] for files matching pattern [/home/oussama/NetBeansProjects/SpringBootExperimentApp/target/classes/com/*.class]
19:04:51.717 [main] DEBUG org.springframework.core.io.support.PathMatchingResourcePatternResolver - Looking for matching resources in jar file [file:/home/oussama/.m2/repository/org/projectlombok/lombok/1.16.18/lombok-1.16.18.jar]
19:04:51.720 [main] DEBUG org.springframework.core.io.support.PathMatchingResourcePatternResolver - Looking for matching resources in jar file [file:/home/oussama/.m2/repository/com/jayway/jsonpath/json-path/2.2.0/json-path-2.2.0.jar]
19:04:51.722 [main] DEBUG org.springframework.core.io.support.PathMatchingResourcePatternResolver - Resolved location pattern [classpath*:com/*.class] to resources []
]]></system-out>
  </testcase>
</testsuite>